<?xml version="1.0" encoding="UTF-8"?>
<!-- Generated by org.testng.reporters.JUnitReportReporter -->
<testsuite hostname="LAPTOP-NJ4R4OAH" failures="0" tests="1" name="com.CQA.SeleniumAutomation.LaunchBrowserTest" time="71.220" errors="0" timestamp="2022-08-24T11:49:01 IST" skipped="0">
  <testcase classname="com.CQA.SeleniumAutomation.LaunchBrowserTest" name="launchBrowser" time="71.220"/>
  <system-out/>
</testsuite> <!-- com.CQA.SeleniumAutomation.LaunchBrowserTest -->
