<?xml version="1.0" encoding="UTF-8"?>
<!-- Generated by org.testng.reporters.JUnitReportReporter -->
<testsuite hostname="LAPTOP-NJ4R4OAH" failures="0" tests="1" name="com.CQA.SeleniumAutomation.LaunchBrowserTest" time="88.944" errors="0" timestamp="2022-08-11T08:05:52 IST" skipped="0">
  <testcase classname="com.CQA.SeleniumAutomation.LaunchBrowserTest" name="launchBrowser" time="88.944"/>
  <system-out/>
</testsuite> <!-- com.CQA.SeleniumAutomation.LaunchBrowserTest -->
