<?xml version="1.0" encoding="UTF-8"?>
<!-- Generated by org.testng.reporters.JUnitReportReporter -->
<testsuite hostname="LAPTOP-NJ4R4OAH" failures="0" tests="1" name="com.CQA.SeleniumAutomation.LaunchBrowser" time="40.172" errors="0" timestamp="2022-08-10T19:25:57 IST" skipped="0">
  <testcase classname="com.CQA.SeleniumAutomation.LaunchBrowser" name="launchBrowser" time="40.172"/>
  <system-out/>
</testsuite> <!-- com.CQA.SeleniumAutomation.LaunchBrowser -->
