<?xml version="1.0" encoding="UTF-8"?>
<!-- Generated by org.testng.reporters.JUnitReportReporter -->
<testsuite hostname="LAPTOP-NJ4R4OAH" failures="0" tests="1" name="com.CQA.SeleniumAutomation.FindElements" time="43.150" errors="0" timestamp="2022-09-07T11:47:00 IST" skipped="0">
  <testcase classname="com.CQA.SeleniumAutomation.FindElements" name="totalCheckboxes" time="43.150"/>
  <system-out/>
</testsuite> <!-- com.CQA.SeleniumAutomation.FindElements -->
