<?xml version="1.0" encoding="UTF-8"?>
<!-- Generated by org.testng.reporters.JUnitReportReporter -->
<testsuite hostname="LAPTOP-NJ4R4OAH" failures="0" tests="1" name="com.CQA.SeleniumAutomation.VerifyHomePage" time="21.420" errors="0" timestamp="2022-09-02T09:38:42 IST" skipped="0">
  <testcase classname="com.CQA.SeleniumAutomation.VerifyHomePage" name="verifyHomePageUsingTitle" time="21.420"/>
  <system-out/>
</testsuite> <!-- com.CQA.SeleniumAutomation.VerifyHomePage -->
