<?xml version="1.0" encoding="UTF-8"?>
<!-- Generated by org.testng.reporters.JUnitReportReporter -->
<testsuite hostname="LAPTOP-NJ4R4OAH" failures="0" tests="1" name="com.CQA.SeleniumAutomation.FB_AutomationTest" time="12.223" errors="0" timestamp="2022-08-23T12:40:20 IST" skipped="0">
  <testcase classname="com.CQA.SeleniumAutomation.FB_AutomationTest" name="signupWithXpathTest" time="12.223"/>
  <system-out/>
</testsuite> <!-- com.CQA.SeleniumAutomation.FB_AutomationTest -->
