<?xml version="1.0" encoding="UTF-8"?>
<!-- Generated by org.testng.reporters.JUnitReportReporter -->
<testsuite hostname="LAPTOP-NJ4R4OAH" failures="0" tests="1" name="com.CQA.SeleniumAutomation.TakeScreenshoTest" time="72.724" errors="0" timestamp="2022-08-18T13:55:10 IST" skipped="0">
  <testcase classname="com.CQA.SeleniumAutomation.TakeScreenshoTest" name="takeScreenShotTest" time="72.724"/>
  <system-out/>
</testsuite> <!-- com.CQA.SeleniumAutomation.TakeScreenshoTest -->
