<?xml version="1.0" encoding="UTF-8"?>
<!-- Generated by org.testng.reporters.JUnitReportReporter -->
<testsuite hostname="LAPTOP-NJ4R4OAH" failures="0" tests="1" name="com.CQA.SeleniumAutomation.Keyboard_Mouse_Operations_Test" time="56.460" errors="0" timestamp="2022-08-18T13:46:28 IST" skipped="0">
  <testcase classname="com.CQA.SeleniumAutomation.Keyboard_Mouse_Operations_Test" name="keyboardMouseOperationstest" time="56.460"/>
  <system-out/>
</testsuite> <!-- com.CQA.SeleniumAutomation.Keyboard_Mouse_Operations_Test -->
