<?xml version="1.0" encoding="UTF-8"?>
<!-- Generated by org.testng.reporters.JUnitReportReporter -->
<testsuite hostname="LAPTOP-NJ4R4OAH" failures="0" tests="1" name="com.CQA.SeleniumAutomation.WebElementInterfaceMethods" time="13.734" errors="0" timestamp="2022-08-27T13:24:46 IST" skipped="0">
  <testcase classname="com.CQA.SeleniumAutomation.WebElementInterfaceMethods" name="PrintTooltip_Actitime_RememberCheckbox" time="13.734"/>
  <system-out/>
</testsuite> <!-- com.CQA.SeleniumAutomation.WebElementInterfaceMethods -->
