<?xml version="1.0" encoding="UTF-8"?>
<!-- Generated by org.testng.reporters.JUnitReportReporter -->
<testsuite hostname="LAPTOP-NJ4R4OAH" failures="0" tests="1" name="com.CQA.SeleniumAutomation.WebElementInterfaceMethods" time="25.336" errors="0" timestamp="2022-08-26T12:19:08 IST" skipped="0">
  <testcase classname="com.CQA.SeleniumAutomation.WebElementInterfaceMethods" name="webElementInterfaceMethods" time="25.336"/>
  <system-out/>
</testsuite> <!-- com.CQA.SeleniumAutomation.WebElementInterfaceMethods -->
