<?xml version="1.0" encoding="UTF-8"?>
<!-- Generated by org.testng.reporters.JUnitReportReporter -->
<testsuite hostname="LAPTOP-NJ4R4OAH" failures="0" tests="1" name="com.CQA.SeleniumAutomation.HandlingFrames" time="21.224" errors="0" timestamp="2022-08-30T12:18:34 IST" skipped="0">
  <testcase classname="com.CQA.SeleniumAutomation.HandlingFrames" name="DragAndDropExample" time="21.224"/>
  <system-out/>
</testsuite> <!-- com.CQA.SeleniumAutomation.HandlingFrames -->
