<?xml version="1.0" encoding="UTF-8"?>
<!-- Generated by org.testng.reporters.JUnitReportReporter -->
<testsuite hostname="LAPTOP-NJ4R4OAH" failures="0" tests="1" name="com.CQA.SeleniumAutomation.PopupHandling" time="63.331" errors="0" timestamp="2022-09-03T12:57:48 IST" skipped="0">
  <testcase classname="com.CQA.SeleniumAutomation.PopupHandling" name="hiddenDivisionPopup" time="63.331"/>
  <system-out/>
</testsuite> <!-- com.CQA.SeleniumAutomation.PopupHandling -->
