<?xml version="1.0" encoding="UTF-8"?>
<!-- Generated by org.testng.reporters.JUnitReportReporter -->
<testsuite hostname="LAPTOP-NJ4R4OAH" failures="0" tests="1" name="com.CQA.SeleniumAutomation.LaunchBrowserTest" time="23.910" errors="0" timestamp="2022-08-22T10:11:14 IST" skipped="0">
  <testcase classname="com.CQA.SeleniumAutomation.LaunchBrowserTest" name="launchBrowser" time="23.910"/>
  <system-out/>
</testsuite> <!-- com.CQA.SeleniumAutomation.LaunchBrowserTest -->
