<?xml version="1.0" encoding="UTF-8"?>
<!-- Generated by org.testng.reporters.JUnitReportReporter -->
<testsuite hostname="LAPTOP-NJ4R4OAH" failures="0" tests="1" name="com.CQA.SeleniumAutomation.PopupHandling" time="19.592" errors="0" timestamp="2022-09-09T12:55:30 IST" skipped="0">
  <testcase classname="com.CQA.SeleniumAutomation.PopupHandling" name="windowPopup_Example" time="19.592"/>
  <system-out/>
</testsuite> <!-- com.CQA.SeleniumAutomation.PopupHandling -->
