<?xml version="1.0" encoding="UTF-8"?>
<!-- Generated by org.testng.reporters.JUnitReportReporter -->
<testsuite hostname="LAPTOP-NJ4R4OAH" failures="0" tests="1" name="com.CQA.SeleniumAutomation.XPathAxes" time="21.009" errors="0" timestamp="2022-08-25T11:59:48 IST" skipped="0">
  <testcase classname="com.CQA.SeleniumAutomation.XPathAxes" name="xpathUsingAxes" time="21.009"/>
  <system-out/>
</testsuite> <!-- com.CQA.SeleniumAutomation.XPathAxes -->
