<?xml version="1.0" encoding="UTF-8"?>
<!-- Generated by org.testng.reporters.JUnitReportReporter -->
<testsuite hostname="LAPTOP-NJ4R4OAH" failures="0" tests="1" name="com.CQA.SeleniumAutomation.WebElementInterfaceMethods" time="11.469" errors="0" timestamp="2022-08-29T12:21:15 IST" skipped="0">
  <testcase classname="com.CQA.SeleniumAutomation.WebElementInterfaceMethods" name="webElementInterfaceMethods" time="11.469"/>
  <system-out/>
</testsuite> <!-- com.CQA.SeleniumAutomation.WebElementInterfaceMethods -->
