<?xml version="1.0" encoding="UTF-8"?>
<!-- Generated by org.testng.reporters.JUnitReportReporter -->
<testsuite hostname="LAPTOP-NJ4R4OAH" failures="0" tests="1" name="com.CQA.SeleniumAutomation.FB_AutomationTest" time="11.304" errors="0" timestamp="2022-08-22T12:28:27 IST" skipped="0">
  <testcase classname="com.CQA.SeleniumAutomation.FB_AutomationTest" name="signupPageTest" time="11.304"/>
  <system-out/>
</testsuite> <!-- com.CQA.SeleniumAutomation.FB_AutomationTest -->
