<?xml version="1.0" encoding="UTF-8"?>
<!-- Generated by org.testng.reporters.JUnitReportReporter -->
<testsuite hostname="LAPTOP-NJ4R4OAH" failures="0" tests="1" name="com.CQA.SeleniumAutomation.TakeScreenshoTest" time="105.118" errors="0" timestamp="2022-08-18T07:56:23 IST" skipped="0">
  <testcase classname="com.CQA.SeleniumAutomation.TakeScreenshoTest" name="takeScreenShotTest" time="105.118"/>
  <system-out/>
</testsuite> <!-- com.CQA.SeleniumAutomation.TakeScreenshoTest -->
