<?xml version="1.0" encoding="UTF-8"?>
<!-- Generated by org.testng.reporters.JUnitReportReporter -->
<testsuite hostname="LAPTOP-NJ4R4OAH" failures="0" tests="1" name="com.CQA.SeleniumAutomation.ListBoxTest" time="5.989" errors="0" timestamp="2022-09-09T12:43:13 IST" skipped="0">
  <testcase classname="com.CQA.SeleniumAutomation.ListBoxTest" name="hashMapExample_printtheOcuuranceOfPoori" time="5.989"/>
  <system-out/>
</testsuite> <!-- com.CQA.SeleniumAutomation.ListBoxTest -->
