<?xml version="1.0" encoding="UTF-8"?>
<!-- Generated by org.testng.reporters.JUnitReportReporter -->
<testsuite hostname="LAPTOP-NJ4R4OAH" failures="0" tests="1" name="com.CQA.SeleniumAutomation.FB_AutomationTest" time="23.394" errors="0" timestamp="2022-08-24T12:15:43 IST" skipped="0">
  <testcase classname="com.CQA.SeleniumAutomation.FB_AutomationTest" name="logininTestXpath" time="23.394"/>
  <system-out/>
</testsuite> <!-- com.CQA.SeleniumAutomation.FB_AutomationTest -->
