<?xml version="1.0" encoding="UTF-8"?>
<!-- Generated by org.testng.reporters.JUnitReportReporter -->
<testsuite hostname="LAPTOP-NJ4R4OAH" failures="0" tests="1" name="com.CQA.SeleniumAutomation.PopupHandling" time="20.659" errors="0" timestamp="2022-09-01T14:08:37 IST" skipped="0">
  <testcase classname="com.CQA.SeleniumAutomation.PopupHandling" name="cleartrip" time="20.659"/>
  <system-out/>
</testsuite> <!-- com.CQA.SeleniumAutomation.PopupHandling -->
