<?xml version="1.0" encoding="UTF-8"?>
<!-- Generated by org.testng.reporters.JUnitReportReporter -->
<testsuite hostname="LAPTOP-NJ4R4OAH" failures="0" tests="5" name="com.CQA.SeleniumAutomation.TestngTest" time="0.042" errors="0" timestamp="2022-09-13T08:59:10 IST" skipped="0">
  <testcase classname="com.CQA.SeleniumAutomation.TestngTest" name="test1" time="0.005"/>
  <system-out>
    <![CDATA[test1]]>
  </system-out>
  <testcase classname="com.CQA.SeleniumAutomation.TestngTest" name="beforeMethod" time="0.026"/>
  <system-out>
    <![CDATA[beforeMethod]]>
  </system-out>
  <testcase classname="com.CQA.SeleniumAutomation.TestngTest" name="test3" time="0.003"/>
  <system-out>
    <![CDATA[test3]]>
  </system-out>
  <testcase classname="com.CQA.SeleniumAutomation.TestngTest" name="test2" time="0.004"/>
  <system-out>
    <![CDATA[test2]]>
  </system-out>
  <testcase classname="com.CQA.SeleniumAutomation.TestngTest" name="test3" time="0.004"/>
  <system-out>
    <![CDATA[test3]]>
  </system-out>
</testsuite> <!-- com.CQA.SeleniumAutomation.TestngTest -->
