<?xml version="1.0" encoding="UTF-8"?>
<!-- Generated by org.testng.reporters.JUnitReportReporter -->
<testsuite hostname="LAPTOP-NJ4R4OAH" failures="0" tests="1" name="com.CQA.SeleniumAutomation.TestngTest" time="0.016" errors="0" timestamp="2022-09-09T11:47:13 IST" skipped="0">
  <testcase classname="com.CQA.SeleniumAutomation.TestngTest" name="beforeMethod" time="0.016"/>
  <system-out>
    <![CDATA[beforeMethod]]>
  </system-out>
</testsuite> <!-- com.CQA.SeleniumAutomation.TestngTest -->
