<?xml version="1.0" encoding="UTF-8"?>
<!-- Generated by org.testng.reporters.JUnitReportReporter -->
<testsuite hostname="LAPTOP-NJ4R4OAH" failures="0" tests="1" name="com.CQA.SeleniumAutomation.WebTableTest" time="9.717" errors="0" timestamp="2022-09-09T11:06:01 IST" skipped="0">
  <testcase classname="com.CQA.SeleniumAutomation.WebTableTest" name="autosuggestionEx_GoogleSearch" time="9.717"/>
  <system-out/>
</testsuite> <!-- com.CQA.SeleniumAutomation.WebTableTest -->
