<?xml version="1.0" encoding="UTF-8"?>
<!-- Generated by org.testng.reporters.JUnitReportReporter -->
<testsuite hostname="LAPTOP-NJ4R4OAH" failures="0" tests="1" name="com.CQA.SeleniumAutomation.VerifyHomePage" time="19.012" errors="0" timestamp="2022-08-25T13:09:55 IST" skipped="0">
  <testcase classname="com.CQA.SeleniumAutomation.VerifyHomePage" name="verifyHomePageUsingTitle" time="19.012"/>
  <system-out/>
</testsuite> <!-- com.CQA.SeleniumAutomation.VerifyHomePage -->
