<?xml version="1.0" encoding="UTF-8"?>
<!-- Generated by org.testng.reporters.JUnitReportReporter -->
<testsuite hostname="LAPTOP-NJ4R4OAH" failures="0" tests="1" name="com.CQA.SeleniumAutomation.JavaExecutor" time="20.718" errors="0" timestamp="2022-08-29T11:03:13 IST" skipped="0">
  <testcase classname="com.CQA.SeleniumAutomation.JavaExecutor" name="NavigatetoBottomofthePage" time="20.718"/>
  <system-out/>
</testsuite> <!-- com.CQA.SeleniumAutomation.JavaExecutor -->
